19.0243 	ERROR 	Error in handleLineEditChange: inputFieldName=Participant: , type=<type 'int'>, value=, error=invalid literal for int() with base 10: ''
22.0987 	EXP 	Created window1 = Window(allowGUI=False, allowStencil=False, autoLog=True, bitsMode=UNKNOWN, blendMode='avg', color='black', colorSpace='named', fullscr=UNKNOWN, gamma=None, lms=UNKNOWN, monitor=<psychopy.monitors.calibTools.Monitor object at 0x1A4C1670>, name='window1', pos=[0, 0], screen=1, size=array([1920, 1080]), stereo=False, units=u'norm', useFBO=True, useRetina=False, viewOri=0.0, viewPos=None, viewScale=None, waitBlanking=True, winType='pyglet')
22.0987 	EXP 	window1: recordFrameIntervals = False
22.2645 	EXP 	window1: recordFrameIntervals = True
22.4481 	EXP 	window1: recordFrameIntervals = False
23.1956 	EXP 	Created window1 = Window(allowGUI=True, allowStencil=False, autoLog=True, bitsMode=UNKNOWN, blendMode='avg', color=array([ 0.5,  0.5,  0.5]), colorSpace='rgb', fullscr=UNKNOWN, gamma=None, lms=UNKNOWN, monitor=<psychopy.monitors.calibTools.Monitor object at 0x1CBA5650>, name='window1', pos=[360, 90], screen=0, size=array([1200,  900]), stereo=False, units=u'norm', useFBO=True, useRetina=False, viewOri=0.0, viewPos=None, viewScale=None, waitBlanking=True, winType='pyglet')
23.1978 	EXP 	Created unnamed ImageStim = ImageStim(autoLog=True, color=array([ 1.,  1.,  1.]), colorSpace='rgb', contrast=1.0, depth=0, flipHoriz=False, flipVert=False, image=None, interpolate=False, mask=None, maskParams=None, name='unnamed ImageStim', opacity=1.0, ori=0.0, pos=array([   0., -325.]), size=array([ 0.5,  0.5]), texRes=128, units='pix', win=Window(...))
23.1991 	EXP 	Created unnamed ImageStim = ImageStim(autoLog=True, color=array([ 1.,  1.,  1.]), colorSpace='rgb', contrast=1.0, depth=0, flipHoriz=False, flipVert=False, image=None, interpolate=False, mask=None, maskParams=None, name='unnamed ImageStim', opacity=1.0, ori=0.0, pos=array([ 400., -310.]), size=array([ 0.5,  0.5]), texRes=128, units='pix', win=Window(...))
23.2004 	EXP 	Created unnamed ImageStim = ImageStim(autoLog=True, color=array([ 1.,  1.,  1.]), colorSpace='rgb', contrast=1.0, depth=0, flipHoriz=False, flipVert=False, image=None, interpolate=False, mask=None, maskParams=None, name='unnamed ImageStim', opacity=1.0, ori=0.0, pos=array([   0.,  100.]), size=array([ 0.5,  0.5]), texRes=128, units='pix', win=Window(...))
23.2015 	EXP 	Created unnamed ImageStim = ImageStim(autoLog=True, color=array([ 1.,  1.,  1.]), colorSpace='rgb', contrast=1.0, depth=0, flipHoriz=False, flipVert=False, image=None, interpolate=False, mask=None, maskParams=None, name='unnamed ImageStim', opacity=1.0, ori=0.0, pos=array([-350., -325.]), size=array([ 0.5,  0.5]), texRes=128, units='pix', win=Window(...))
23.2034 	EXP 	Created unnamed GratingStim = GratingStim(autoDraw=False, autoLog=True, color='red', colorSpace='named', contrast=1.0, depth=0, interpolate=False, mask='circle', maskParams=None, name='unnamed GratingStim', opacity=1.0, ori=0.0, phase=array([ 0.,  0.]), pos=array([ 0.,  0.]), rgbPedestal=array([ 0.,  0.,  0.]), sf=array([ 0.04,  0.04]), size=array([ 25.,  25.]), tex=None, texRes=128, units='pix', win=Window(...))
27.3366 	EXP 	Set  sound=C
5.1317 	ERROR 	Error in handleLineEditChange: inputFieldName=Participant: , type=<type 'int'>, value=, error=invalid literal for int() with base 10: ''
7.6216 	EXP 	Created window1 = Window(allowGUI=False, allowStencil=False, autoLog=True, bitsMode=UNKNOWN, blendMode='avg', color='black', colorSpace='named', fullscr=UNKNOWN, gamma=None, lms=UNKNOWN, monitor=<psychopy.monitors.calibTools.Monitor object at 0x1A131670>, name='window1', pos=[0, 0], screen=1, size=array([1920, 1080]), stereo=False, units=u'norm', useFBO=True, useRetina=False, viewOri=0.0, viewPos=None, viewScale=None, waitBlanking=True, winType='pyglet')
7.6216 	EXP 	window1: recordFrameIntervals = False
7.7873 	EXP 	window1: recordFrameIntervals = True
7.9708 	EXP 	window1: recordFrameIntervals = False
8.6976 	EXP 	Created window1 = Window(allowGUI=True, allowStencil=False, autoLog=True, bitsMode=UNKNOWN, blendMode='avg', color=array([ 0.5,  0.5,  0.5]), colorSpace='rgb', fullscr=UNKNOWN, gamma=None, lms=UNKNOWN, monitor=<psychopy.monitors.calibTools.Monitor object at 0x1CB65650>, name='window1', pos=[360, 90], screen=0, size=array([1200,  900]), stereo=False, units=u'norm', useFBO=True, useRetina=False, viewOri=0.0, viewPos=None, viewScale=None, waitBlanking=True, winType='pyglet')
8.7002 	EXP 	Created unnamed ImageStim = ImageStim(autoLog=True, color=array([ 1.,  1.,  1.]), colorSpace='rgb', contrast=1.0, depth=0, flipHoriz=False, flipVert=False, image=None, interpolate=False, mask=None, maskParams=None, name='unnamed ImageStim', opacity=1.0, ori=0.0, pos=array([   0., -325.]), size=array([ 0.5,  0.5]), texRes=128, units='pix', win=Window(...))
8.7015 	EXP 	Created unnamed ImageStim = ImageStim(autoLog=True, color=array([ 1.,  1.,  1.]), colorSpace='rgb', contrast=1.0, depth=0, flipHoriz=False, flipVert=False, image=None, interpolate=False, mask=None, maskParams=None, name='unnamed ImageStim', opacity=1.0, ori=0.0, pos=array([ 400., -310.]), size=array([ 0.5,  0.5]), texRes=128, units='pix', win=Window(...))
8.7029 	EXP 	Created unnamed ImageStim = ImageStim(autoLog=True, color=array([ 1.,  1.,  1.]), colorSpace='rgb', contrast=1.0, depth=0, flipHoriz=False, flipVert=False, image=None, interpolate=False, mask=None, maskParams=None, name='unnamed ImageStim', opacity=1.0, ori=0.0, pos=array([   0.,  100.]), size=array([ 0.5,  0.5]), texRes=128, units='pix', win=Window(...))
8.7045 	EXP 	Created unnamed ImageStim = ImageStim(autoLog=True, color=array([ 1.,  1.,  1.]), colorSpace='rgb', contrast=1.0, depth=0, flipHoriz=False, flipVert=False, image=None, interpolate=False, mask=None, maskParams=None, name='unnamed ImageStim', opacity=1.0, ori=0.0, pos=array([-350., -325.]), size=array([ 0.5,  0.5]), texRes=128, units='pix', win=Window(...))
8.7065 	EXP 	Created unnamed GratingStim = GratingStim(autoDraw=False, autoLog=True, color='red', colorSpace='named', contrast=1.0, depth=0, interpolate=False, mask='circle', maskParams=None, name='unnamed GratingStim', opacity=1.0, ori=0.0, phase=array([ 0.,  0.]), pos=array([ 0.,  0.]), rgbPedestal=array([ 0.,  0.,  0.]), sf=array([ 0.04,  0.04]), size=array([ 25.,  25.]), tex=None, texRes=128, units='pix', win=Window(...))
12.6850 	EXP 	Set  sound=C
