21.5490 	ERROR 	Error in handleLineEditChange: inputFieldName=Participant: , type=<type 'int'>, value=, error=invalid literal for int() with base 10: ''
24.9106 	EXP 	Created window1 = Window(allowGUI=False, allowStencil=False, autoLog=True, bitsMode=UNKNOWN, blendMode='avg', color='black', colorSpace='named', fullscr=UNKNOWN, gamma=None, lms=UNKNOWN, monitor=<psychopy.monitors.calibTools.Monitor object at 0x1A5C1670>, name='window1', pos=[0, 0], screen=1, size=array([1920, 1080]), stereo=False, units=u'norm', useFBO=True, useRetina=False, viewOri=0.0, viewPos=None, viewScale=None, waitBlanking=True, winType='pyglet')
24.9106 	EXP 	window1: recordFrameIntervals = False
25.0761 	EXP 	window1: recordFrameIntervals = True
25.2596 	EXP 	window1: recordFrameIntervals = False
25.9747 	EXP 	Created window1 = Window(allowGUI=True, allowStencil=False, autoLog=True, bitsMode=UNKNOWN, blendMode='avg', color=array([ 0.5,  0.5,  0.5]), colorSpace='rgb', fullscr=UNKNOWN, gamma=None, lms=UNKNOWN, monitor=<psychopy.monitors.calibTools.Monitor object at 0x1C446650>, name='window1', pos=[360, 90], screen=0, size=array([1200,  900]), stereo=False, units=u'norm', useFBO=True, useRetina=False, viewOri=0.0, viewPos=None, viewScale=None, waitBlanking=True, winType='pyglet')
25.9801 	EXP 	Created unnamed ImageStim = ImageStim(autoLog=True, color=array([ 1.,  1.,  1.]), colorSpace='rgb', contrast=1.0, depth=0, flipHoriz=False, flipVert=False, image=None, interpolate=False, mask=None, maskParams=None, name='unnamed ImageStim', opacity=1.0, ori=0.0, pos=array([   0., -325.]), size=array([ 0.5,  0.5]), texRes=128, units='pix', win=Window(...))
25.9813 	EXP 	Created unnamed ImageStim = ImageStim(autoLog=True, color=array([ 1.,  1.,  1.]), colorSpace='rgb', contrast=1.0, depth=0, flipHoriz=False, flipVert=False, image=None, interpolate=False, mask=None, maskParams=None, name='unnamed ImageStim', opacity=1.0, ori=0.0, pos=array([ 400., -310.]), size=array([ 0.5,  0.5]), texRes=128, units='pix', win=Window(...))
25.9825 	EXP 	Created unnamed ImageStim = ImageStim(autoLog=True, color=array([ 1.,  1.,  1.]), colorSpace='rgb', contrast=1.0, depth=0, flipHoriz=False, flipVert=False, image=None, interpolate=False, mask=None, maskParams=None, name='unnamed ImageStim', opacity=1.0, ori=0.0, pos=array([   0.,  100.]), size=array([ 0.5,  0.5]), texRes=128, units='pix', win=Window(...))
25.9838 	EXP 	Created unnamed ImageStim = ImageStim(autoLog=True, color=array([ 1.,  1.,  1.]), colorSpace='rgb', contrast=1.0, depth=0, flipHoriz=False, flipVert=False, image=None, interpolate=False, mask=None, maskParams=None, name='unnamed ImageStim', opacity=1.0, ori=0.0, pos=array([-350., -325.]), size=array([ 0.5,  0.5]), texRes=128, units='pix', win=Window(...))
25.9857 	EXP 	Created unnamed GratingStim = GratingStim(autoDraw=False, autoLog=True, color='red', colorSpace='named', contrast=1.0, depth=0, interpolate=False, mask='circle', maskParams=None, name='unnamed GratingStim', opacity=1.0, ori=0.0, phase=array([ 0.,  0.]), pos=array([ 0.,  0.]), rgbPedestal=array([ 0.,  0.,  0.]), sf=array([ 0.04,  0.04]), size=array([ 25.,  25.]), tex=None, texRes=128, units='pix', win=Window(...))
30.3966 	EXP 	Set  sound=C
6.1549 	ERROR 	Error in handleLineEditChange: inputFieldName=Participant: , type=<type 'int'>, value=, error=invalid literal for int() with base 10: ''
8.6831 	EXP 	Created window1 = Window(allowGUI=False, allowStencil=False, autoLog=True, bitsMode=UNKNOWN, blendMode='avg', color='black', colorSpace='named', fullscr=UNKNOWN, gamma=None, lms=UNKNOWN, monitor=<psychopy.monitors.calibTools.Monitor object at 0x1A690670>, name='window1', pos=[0, 0], screen=1, size=array([1920, 1080]), stereo=False, units=u'norm', useFBO=True, useRetina=False, viewOri=0.0, viewPos=None, viewScale=None, waitBlanking=True, winType='pyglet')
8.6831 	EXP 	window1: recordFrameIntervals = False
8.8492 	EXP 	window1: recordFrameIntervals = True
9.0323 	EXP 	window1: recordFrameIntervals = False
9.7088 	EXP 	Created window1 = Window(allowGUI=True, allowStencil=False, autoLog=True, bitsMode=UNKNOWN, blendMode='avg', color=array([ 0.5,  0.5,  0.5]), colorSpace='rgb', fullscr=UNKNOWN, gamma=None, lms=UNKNOWN, monitor=<psychopy.monitors.calibTools.Monitor object at 0x1C635650>, name='window1', pos=[360, 90], screen=0, size=array([1200,  900]), stereo=False, units=u'norm', useFBO=True, useRetina=False, viewOri=0.0, viewPos=None, viewScale=None, waitBlanking=True, winType='pyglet')
9.7110 	EXP 	Created unnamed ImageStim = ImageStim(autoLog=True, color=array([ 1.,  1.,  1.]), colorSpace='rgb', contrast=1.0, depth=0, flipHoriz=False, flipVert=False, image=None, interpolate=False, mask=None, maskParams=None, name='unnamed ImageStim', opacity=1.0, ori=0.0, pos=array([   0., -325.]), size=array([ 0.5,  0.5]), texRes=128, units='pix', win=Window(...))
9.7122 	EXP 	Created unnamed ImageStim = ImageStim(autoLog=True, color=array([ 1.,  1.,  1.]), colorSpace='rgb', contrast=1.0, depth=0, flipHoriz=False, flipVert=False, image=None, interpolate=False, mask=None, maskParams=None, name='unnamed ImageStim', opacity=1.0, ori=0.0, pos=array([ 400., -310.]), size=array([ 0.5,  0.5]), texRes=128, units='pix', win=Window(...))
9.7134 	EXP 	Created unnamed ImageStim = ImageStim(autoLog=True, color=array([ 1.,  1.,  1.]), colorSpace='rgb', contrast=1.0, depth=0, flipHoriz=False, flipVert=False, image=None, interpolate=False, mask=None, maskParams=None, name='unnamed ImageStim', opacity=1.0, ori=0.0, pos=array([   0.,  100.]), size=array([ 0.5,  0.5]), texRes=128, units='pix', win=Window(...))
9.7146 	EXP 	Created unnamed ImageStim = ImageStim(autoLog=True, color=array([ 1.,  1.,  1.]), colorSpace='rgb', contrast=1.0, depth=0, flipHoriz=False, flipVert=False, image=None, interpolate=False, mask=None, maskParams=None, name='unnamed ImageStim', opacity=1.0, ori=0.0, pos=array([-350., -325.]), size=array([ 0.5,  0.5]), texRes=128, units='pix', win=Window(...))
9.7166 	EXP 	Created unnamed GratingStim = GratingStim(autoDraw=False, autoLog=True, color='red', colorSpace='named', contrast=1.0, depth=0, interpolate=False, mask='circle', maskParams=None, name='unnamed GratingStim', opacity=1.0, ori=0.0, phase=array([ 0.,  0.]), pos=array([ 0.,  0.]), rgbPedestal=array([ 0.,  0.,  0.]), sf=array([ 0.04,  0.04]), size=array([ 25.,  25.]), tex=None, texRes=128, units='pix', win=Window(...))
13.8183 	EXP 	Set  sound=C
